Determining if the pthread_create exist failed with the following output:
Change Dir: /home/allenh1/filter_ws/src/turtlebot-fuerte/pointcloud_to_laserscan/build/CMakeFiles/CMakeTmp

Run Build Command:/usr/bin/make "cmTryCompileExec2059536271/fast"
make[1]: Entering directory `/home/allenh1/filter_ws/src/turtlebot-fuerte/pointcloud_to_laserscan/build/CMakeFiles/CMakeTmp'
/usr/bin/make -f CMakeFiles/cmTryCompileExec2059536271.dir/build.make CMakeFiles/cmTryCompileExec2059536271.dir/build
make[2]: Entering directory `/home/allenh1/filter_ws/src/turtlebot-fuerte/pointcloud_to_laserscan/build/CMakeFiles/CMakeTmp'
/usr/bin/cmake -E cmake_progress_report /home/allenh1/filter_ws/src/turtlebot-fuerte/pointcloud_to_laserscan/build/CMakeFiles/CMakeTmp/CMakeFiles 1
Building C object CMakeFiles/cmTryCompileExec2059536271.dir/CheckSymbolExists.c.o
/usr/bin/cc    -o CMakeFiles/cmTryCompileExec2059536271.dir/CheckSymbolExists.c.o   -c /home/allenh1/filter_ws/src/turtlebot-fuerte/pointcloud_to_laserscan/build/CMakeFiles/CMakeTmp/CheckSymbolExists.c
Linking C executable cmTryCompileExec2059536271
/usr/bin/cmake -E cmake_link_script CMakeFiles/cmTryCompileExec2059536271.dir/link.txt --verbose=1
/usr/bin/cc         CMakeFiles/cmTryCompileExec2059536271.dir/CheckSymbolExists.c.o  -o cmTryCompileExec2059536271 -rdynamic 
CMakeFiles/cmTryCompileExec2059536271.dir/CheckSymbolExists.c.o: In function `main':
CheckSymbolExists.c:(.text+0x16): undefined reference to `pthread_create'
collect2: error: ld returned 1 exit status
make[2]: Leaving directory `/home/allenh1/filter_ws/src/turtlebot-fuerte/pointcloud_to_laserscan/build/CMakeFiles/CMakeTmp'
make[2]: *** [cmTryCompileExec2059536271] Error 1
make[1]: Leaving directory `/home/allenh1/filter_ws/src/turtlebot-fuerte/pointcloud_to_laserscan/build/CMakeFiles/CMakeTmp'
make[1]: *** [cmTryCompileExec2059536271/fast] Error 2

File /home/allenh1/filter_ws/src/turtlebot-fuerte/pointcloud_to_laserscan/build/CMakeFiles/CMakeTmp/CheckSymbolExists.c:
/* */
#include <pthread.h>

int main(int argc, char** argv)
{
  (void)argv;
#ifndef pthread_create
  return ((int*)(&pthread_create))[argc];
#else
  (void)argc;
  return 0;
#endif
}

Determining if the function pthread_create exists in the pthreads failed with the following output:
Change Dir: /home/allenh1/filter_ws/src/turtlebot-fuerte/pointcloud_to_laserscan/build/CMakeFiles/CMakeTmp

Run Build Command:/usr/bin/make "cmTryCompileExec1392852624/fast"
make[1]: Entering directory `/home/allenh1/filter_ws/src/turtlebot-fuerte/pointcloud_to_laserscan/build/CMakeFiles/CMakeTmp'
/usr/bin/make -f CMakeFiles/cmTryCompileExec1392852624.dir/build.make CMakeFiles/cmTryCompileExec1392852624.dir/build
make[2]: Entering directory `/home/allenh1/filter_ws/src/turtlebot-fuerte/pointcloud_to_laserscan/build/CMakeFiles/CMakeTmp'
/usr/bin/cmake -E cmake_progress_report /home/allenh1/filter_ws/src/turtlebot-fuerte/pointcloud_to_laserscan/build/CMakeFiles/CMakeTmp/CMakeFiles 1
Building C object CMakeFiles/cmTryCompileExec1392852624.dir/CheckFunctionExists.c.o
/usr/bin/cc   -DCHECK_FUNCTION_EXISTS=pthread_create   -o CMakeFiles/cmTryCompileExec1392852624.dir/CheckFunctionExists.c.o   -c /usr/share/cmake-2.8/Modules/CheckFunctionExists.c
Linking C executable cmTryCompileExec1392852624
/usr/bin/cmake -E cmake_link_script CMakeFiles/cmTryCompileExec1392852624.dir/link.txt --verbose=1
/usr/bin/cc     -DCHECK_FUNCTION_EXISTS=pthread_create    CMakeFiles/cmTryCompileExec1392852624.dir/CheckFunctionExists.c.o  -o cmTryCompileExec1392852624 -rdynamic -lpthreads 
/usr/bin/ld: cannot find -lpthreads
collect2: error: ld returned 1 exit status
make[2]: Leaving directory `/home/allenh1/filter_ws/src/turtlebot-fuerte/pointcloud_to_laserscan/build/CMakeFiles/CMakeTmp'
make[2]: *** [cmTryCompileExec1392852624] Error 1
make[1]: Leaving directory `/home/allenh1/filter_ws/src/turtlebot-fuerte/pointcloud_to_laserscan/build/CMakeFiles/CMakeTmp'
make[1]: *** [cmTryCompileExec1392852624/fast] Error 2


